<?xml version="1.0" encoding="utf-8"?>
<coverage line-rate="0.9354" branch-rate="0.909" version="1.9" timestamp="1743076016" lines-covered="87" lines-valid="93" branches-covered="40" branches-valid="44">
  <sources>
    <source>/</source>
  </sources>
  <packages>
    <package name="CarClass" line-rate="0.9354" branch-rate="0.909" complexity="51">
      <classes>
        <class name="CarClass.Car" filename="Users/danilayanvarev/Desktop/qa/Lab6/Car/CarClass/CarClass.cs" line-rate="0.9354" branch-rate="0.909" complexity="51">
          <methods>
            <method name="IsTurnedOn" signature="()" line-rate="1" branch-rate="1" complexity="1">
              <lines>
                <line number="47" hits="61" branch="False" />
              </lines>
            </method>
            <method name="GetSpeed" signature="()" line-rate="1" branch-rate="1" complexity="1">
              <lines>
                <line number="48" hits="20" branch="False" />
              </lines>
            </method>
            <method name="GetGear" signature="()" line-rate="1" branch-rate="1" complexity="1">
              <lines>
                <line number="49" hits="21" branch="False" />
              </lines>
            </method>
            <method name="GetDirection" signature="()" line-rate="1" branch-rate="1" complexity="1">
              <lines>
                <line number="50" hits="20" branch="False" />
              </lines>
            </method>
            <method name="TurnOnEngine" signature="()" line-rate="1" branch-rate="1" complexity="1">
              <lines>
                <line number="53" hits="18" branch="False" />
                <line number="54" hits="18" branch="False" />
                <line number="55" hits="18" branch="False" />
                <line number="56" hits="18" branch="False" />
              </lines>
            </method>
            <method name="TurnOffEngine" signature="()" line-rate="0.5555" branch-rate="0.8332999999999999" complexity="6">
              <lines>
                <line number="59" hits="3" branch="False" />
                <line number="60" hits="4" branch="True" condition-coverage="100% (2/2)">
                  <conditions>
                    <condition number="12" type="jump" coverage="100%" />
                  </conditions>
                </line>
                <line number="61" hits="2" branch="True" condition-coverage="75% (3/4)">
                  <conditions>
                    <condition number="24" type="jump" coverage="100%" />
                    <condition number="40" type="jump" coverage="50%" />
                  </conditions>
                </line>
                <line number="62" hits="0" branch="False" />
                <line number="63" hits="0" branch="False" />
                <line number="64" hits="0" branch="False" />
                <line number="65" hits="0" branch="False" />
                <line number="68" hits="2" branch="False" />
                <line number="69" hits="3" branch="False" />
              </lines>
            </method>
            <method name="SetGear" signature="(System.Int32)" line-rate="0.9333" branch-rate="0.9229999999999999" complexity="26">
              <lines>
                <line number="72" hits="24" branch="False" />
                <line number="73" hits="24" branch="True" condition-coverage="100% (4/4)">
                  <conditions>
                    <condition number="7" type="jump" coverage="100%" />
                    <condition number="18" type="jump" coverage="100%" />
                  </conditions>
                </line>
                <line number="74" hits="1" branch="False" />
                <line number="75" hits="1" branch="False" />
                <line number="76" hits="1" branch="False" />
                <line number="79" hits="23" branch="True" condition-coverage="100% (2/2)">
                  <conditions>
                    <condition number="67" type="jump" coverage="100%" />
                  </conditions>
                </line>
                <line number="80" hits="2" branch="False" />
                <line number="81" hits="2" branch="False" />
                <line number="82" hits="2" branch="False" />
                <line number="85" hits="21" branch="True" condition-coverage="100% (2/2)">
                  <conditions>
                    <condition number="96" type="jump" coverage="100%" />
                  </conditions>
                </line>
                <line number="86" hits="2" branch="False" />
                <line number="87" hits="2" branch="False" />
                <line number="88" hits="2" branch="False" />
                <line number="91" hits="19" branch="True" condition-coverage="100% (6/6)">
                  <conditions>
                    <condition number="119" type="jump" coverage="100%" />
                    <condition number="128" type="jump" coverage="100%" />
                    <condition number="141" type="jump" coverage="100%" />
                  </conditions>
                </line>
                <line number="92" hits="1" branch="False" />
                <line number="93" hits="1" branch="False" />
                <line number="94" hits="1" branch="False" />
                <line number="97" hits="18" branch="True" condition-coverage="100% (6/6)">
                  <conditions>
                    <condition number="169" type="jump" coverage="100%" />
                    <condition number="172" type="jump" coverage="100%" />
                    <condition number="188" type="jump" coverage="100%" />
                  </conditions>
                </line>
                <line number="98" hits="1" branch="False" />
                <line number="99" hits="1" branch="False" />
                <line number="100" hits="1" branch="False" />
                <line number="103" hits="17" branch="False" />
                <line number="104" hits="17" branch="True" condition-coverage="50% (2/4)">
                  <conditions>
                    <condition number="237" type="jump" coverage="50%" />
                    <condition number="258" type="jump" coverage="50%" />
                  </conditions>
                </line>
                <line number="105" hits="17" branch="False" />
                <line number="106" hits="17" branch="False" />
                <line number="107" hits="17" branch="True" condition-coverage="100% (2/2)">
                  <conditions>
                    <condition number="276" type="jump" coverage="100%" />
                  </conditions>
                </line>
                <line number="108" hits="17" branch="False" />
                <line number="111" hits="0" branch="False" />
                <line number="112" hits="0" branch="False" />
                <line number="113" hits="24" branch="False" />
              </lines>
            </method>
            <method name="SetSpeed" signature="(System.Int32)" line-rate="1" branch-rate="0.9166" complexity="12">
              <lines>
                <line number="116" hits="18" branch="False" />
                <line number="117" hits="18" branch="True" condition-coverage="100% (2/2)">
                  <conditions>
                    <condition number="7" type="jump" coverage="100%" />
                  </conditions>
                </line>
                <line number="118" hits="1" branch="False" />
                <line number="119" hits="1" branch="False" />
                <line number="120" hits="1" branch="False" />
                <line number="123" hits="17" branch="True" condition-coverage="100% (2/2)">
                  <conditions>
                    <condition number="41" type="jump" coverage="100%" />
                  </conditions>
                </line>
                <line number="124" hits="1" branch="False" />
                <line number="125" hits="1" branch="False" />
                <line number="126" hits="1" branch="False" />
                <line number="129" hits="16" branch="True" condition-coverage="100% (2/2)">
                  <conditions>
                    <condition number="75" type="jump" coverage="100%" />
                  </conditions>
                </line>
                <line number="130" hits="2" branch="False" />
                <line number="131" hits="2" branch="True" condition-coverage="100% (2/2)">
                  <conditions>
                    <condition number="94" type="jump" coverage="100%" />
                  </conditions>
                </line>
                <line number="132" hits="1" branch="False" />
                <line number="133" hits="1" branch="False" />
                <line number="134" hits="1" branch="False" />
                <line number="137" hits="1" branch="False" />
                <line number="138" hits="1" branch="False" />
                <line number="141" hits="14" branch="False" />
                <line number="142" hits="14" branch="True" condition-coverage="75% (3/4)">
                  <conditions>
                    <condition number="154" type="jump" coverage="50%" />
                    <condition number="170" type="jump" coverage="100%" />
                  </conditions>
                </line>
                <line number="143" hits="13" branch="False" />
                <line number="144" hits="13" branch="False" />
                <line number="145" hits="13" branch="False" />
                <line number="148" hits="1" branch="False" />
                <line number="149" hits="1" branch="False" />
                <line number="150" hits="18" branch="False" />
              </lines>
            </method>
            <method name=".ctor" signature="()" line-rate="1" branch-rate="1" complexity="1">
              <lines>
                <line number="23" hits="21" branch="False" />
                <line number="24" hits="21" branch="False" />
                <line number="25" hits="21" branch="False" />
                <line number="26" hits="21" branch="False" />
                <line number="39" hits="21" branch="False" />
                <line number="40" hits="21" branch="False" />
                <line number="41" hits="21" branch="False" />
                <line number="42" hits="21" branch="False" />
                <line number="43" hits="21" branch="False" />
                <line number="44" hits="21" branch="False" />
                <line number="45" hits="21" branch="False" />
              </lines>
            </method>
            <method name=".cctor" signature="()" line-rate="1" branch-rate="1" complexity="1">
              <lines>
                <line number="28" hits="1" branch="False" />
                <line number="29" hits="1" branch="False" />
                <line number="30" hits="1" branch="False" />
                <line number="31" hits="1" branch="False" />
                <line number="32" hits="1" branch="False" />
                <line number="33" hits="1" branch="False" />
                <line number="34" hits="1" branch="False" />
                <line number="35" hits="1" branch="False" />
                <line number="36" hits="1" branch="False" />
                <line number="37" hits="1" branch="False" />
              </lines>
            </method>
          </methods>
          <lines>
            <line number="47" hits="61" branch="False" />
            <line number="48" hits="20" branch="False" />
            <line number="49" hits="21" branch="False" />
            <line number="50" hits="20" branch="False" />
            <line number="53" hits="18" branch="False" />
            <line number="54" hits="18" branch="False" />
            <line number="55" hits="18" branch="False" />
            <line number="56" hits="18" branch="False" />
            <line number="59" hits="3" branch="False" />
            <line number="60" hits="4" branch="True" condition-coverage="100% (2/2)">
              <conditions>
                <condition number="12" type="jump" coverage="100%" />
              </conditions>
            </line>
            <line number="61" hits="2" branch="True" condition-coverage="75% (3/4)">
              <conditions>
                <condition number="24" type="jump" coverage="100%" />
                <condition number="40" type="jump" coverage="50%" />
              </conditions>
            </line>
            <line number="62" hits="0" branch="False" />
            <line number="63" hits="0" branch="False" />
            <line number="64" hits="0" branch="False" />
            <line number="65" hits="0" branch="False" />
            <line number="68" hits="2" branch="False" />
            <line number="69" hits="3" branch="False" />
            <line number="72" hits="24" branch="False" />
            <line number="73" hits="24" branch="True" condition-coverage="100% (4/4)">
              <conditions>
                <condition number="7" type="jump" coverage="100%" />
                <condition number="18" type="jump" coverage="100%" />
              </conditions>
            </line>
            <line number="74" hits="1" branch="False" />
            <line number="75" hits="1" branch="False" />
            <line number="76" hits="1" branch="False" />
            <line number="79" hits="23" branch="True" condition-coverage="100% (2/2)">
              <conditions>
                <condition number="67" type="jump" coverage="100%" />
              </conditions>
            </line>
            <line number="80" hits="2" branch="False" />
            <line number="81" hits="2" branch="False" />
            <line number="82" hits="2" branch="False" />
            <line number="85" hits="21" branch="True" condition-coverage="100% (2/2)">
              <conditions>
                <condition number="96" type="jump" coverage="100%" />
              </conditions>
            </line>
            <line number="86" hits="2" branch="False" />
            <line number="87" hits="2" branch="False" />
            <line number="88" hits="2" branch="False" />
            <line number="91" hits="19" branch="True" condition-coverage="100% (6/6)">
              <conditions>
                <condition number="119" type="jump" coverage="100%" />
                <condition number="128" type="jump" coverage="100%" />
                <condition number="141" type="jump" coverage="100%" />
              </conditions>
            </line>
            <line number="92" hits="1" branch="False" />
            <line number="93" hits="1" branch="False" />
            <line number="94" hits="1" branch="False" />
            <line number="97" hits="18" branch="True" condition-coverage="100% (6/6)">
              <conditions>
                <condition number="169" type="jump" coverage="100%" />
                <condition number="172" type="jump" coverage="100%" />
                <condition number="188" type="jump" coverage="100%" />
              </conditions>
            </line>
            <line number="98" hits="1" branch="False" />
            <line number="99" hits="1" branch="False" />
            <line number="100" hits="1" branch="False" />
            <line number="103" hits="17" branch="False" />
            <line number="104" hits="17" branch="True" condition-coverage="50% (2/4)">
              <conditions>
                <condition number="237" type="jump" coverage="50%" />
                <condition number="258" type="jump" coverage="50%" />
              </conditions>
            </line>
            <line number="105" hits="17" branch="False" />
            <line number="106" hits="17" branch="False" />
            <line number="107" hits="17" branch="True" condition-coverage="100% (2/2)">
              <conditions>
                <condition number="276" type="jump" coverage="100%" />
              </conditions>
            </line>
            <line number="108" hits="17" branch="False" />
            <line number="111" hits="0" branch="False" />
            <line number="112" hits="0" branch="False" />
            <line number="113" hits="24" branch="False" />
            <line number="116" hits="18" branch="False" />
            <line number="117" hits="18" branch="True" condition-coverage="100% (2/2)">
              <conditions>
                <condition number="7" type="jump" coverage="100%" />
              </conditions>
            </line>
            <line number="118" hits="1" branch="False" />
            <line number="119" hits="1" branch="False" />
            <line number="120" hits="1" branch="False" />
            <line number="123" hits="17" branch="True" condition-coverage="100% (2/2)">
              <conditions>
                <condition number="41" type="jump" coverage="100%" />
              </conditions>
            </line>
            <line number="124" hits="1" branch="False" />
            <line number="125" hits="1" branch="False" />
            <line number="126" hits="1" branch="False" />
            <line number="129" hits="16" branch="True" condition-coverage="100% (2/2)">
              <conditions>
                <condition number="75" type="jump" coverage="100%" />
              </conditions>
            </line>
            <line number="130" hits="2" branch="False" />
            <line number="131" hits="2" branch="True" condition-coverage="100% (2/2)">
              <conditions>
                <condition number="94" type="jump" coverage="100%" />
              </conditions>
            </line>
            <line number="132" hits="1" branch="False" />
            <line number="133" hits="1" branch="False" />
            <line number="134" hits="1" branch="False" />
            <line number="137" hits="1" branch="False" />
            <line number="138" hits="1" branch="False" />
            <line number="141" hits="14" branch="False" />
            <line number="142" hits="14" branch="True" condition-coverage="75% (3/4)">
              <conditions>
                <condition number="154" type="jump" coverage="50%" />
                <condition number="170" type="jump" coverage="100%" />
              </conditions>
            </line>
            <line number="143" hits="13" branch="False" />
            <line number="144" hits="13" branch="False" />
            <line number="145" hits="13" branch="False" />
            <line number="148" hits="1" branch="False" />
            <line number="149" hits="1" branch="False" />
            <line number="150" hits="18" branch="False" />
            <line number="23" hits="21" branch="False" />
            <line number="24" hits="21" branch="False" />
            <line number="25" hits="21" branch="False" />
            <line number="26" hits="21" branch="False" />
            <line number="39" hits="21" branch="False" />
            <line number="40" hits="21" branch="False" />
            <line number="41" hits="21" branch="False" />
            <line number="42" hits="21" branch="False" />
            <line number="43" hits="21" branch="False" />
            <line number="44" hits="21" branch="False" />
            <line number="45" hits="21" branch="False" />
            <line number="28" hits="1" branch="False" />
            <line number="29" hits="1" branch="False" />
            <line number="30" hits="1" branch="False" />
            <line number="31" hits="1" branch="False" />
            <line number="32" hits="1" branch="False" />
            <line number="33" hits="1" branch="False" />
            <line number="34" hits="1" branch="False" />
            <line number="35" hits="1" branch="False" />
            <line number="36" hits="1" branch="False" />
            <line number="37" hits="1" branch="False" />
          </lines>
        </class>
      </classes>
    </package>
  </packages>
</coverage>